Grammar

    0 $accept: program $end

    1 program: statement_list

    2 statement_list: statement ENDLINE statement_list
    3               | statement

    4 statement: assignment
    5          | expression
    6          | statement COMMENT
    7          | repeat_statement
    8          | ε

    9 repeat_statement: REPEAT repeat_expression DO statement_list DONE

   10 repeat_expression: expression

   11 assignment: ID ASSIGN expression

   12 expression: expression_list
   13           | array_access

   14 array_access: ID LBRACKET expr_arithmetic RBRACKET

   15 expression_list: expression_list COMMA expr_arithmetic
   16                | expr_arithmetic

   17 expr_arithmetic: expr_unary
   18                | expr_arithmetic PLUS expr_unary
   19                | expr_arithmetic MINUS expr_unary

   20 expr_unary: expr_term
   21           | PLUS expr_unary
   22           | MINUS expr_unary

   23 expr_term: factor
   24          | expr_term MULT factor
   25          | expr_term DIV factor
   26          | expr_term MOD factor

   27 factor: ID
   28       | INTEGER
   29       | STRING
   30       | REAL
   31       | PI
   32       | E
   33       | LPAREN expression RPAREN


Terminals, with rules where they appear

    $end (0) 0
    error (256)
    ASSIGN <no_value> (258) 11
    ENDLINE <no_value> (259) 2
    INTEGER <integer> (260) 28
    ID <ident> (261) 11 14 27
    REAL <real> (262) 30
    STRING <string> (263) 29
    PLUS (264) 18 21
    MINUS (265) 19 22
    MULT (266) 24
    DIV (267) 25
    MOD (268) 26
    PI (269) 31
    E (270) 32
    LBRACKET (271) 14
    RBRACKET (272) 14
    LPAREN (273) 33
    RPAREN (274) 33
    COMMA (275) 15
    COMMENT (276) 6
    REPEAT <ident> (277) 9
    DO (278) 9
    DONE (279) 9


Nonterminals, with rules where they appear

    $accept (25)
        on left: 0
    program (26)
        on left: 1
        on right: 0
    statement_list (27)
        on left: 2 3
        on right: 1 2 9
    statement (28)
        on left: 4 5 6 7 8
        on right: 2 3 6
    repeat_statement (29)
        on left: 9
        on right: 7
    repeat_expression <ident> (30)
        on left: 10
        on right: 9
    assignment (31)
        on left: 11
        on right: 4
    expression <ident> (32)
        on left: 12 13
        on right: 5 10 11 33
    array_access <ident> (33)
        on left: 14
        on right: 13
    expression_list <ident> (34)
        on left: 15 16
        on right: 12 15
    expr_arithmetic <ident> (35)
        on left: 17 18 19
        on right: 14 15 16 18 19
    expr_unary <ident> (36)
        on left: 20 21 22
        on right: 17 18 19 21 22
    expr_term <ident> (37)
        on left: 23 24 25 26
        on right: 20 24 25 26
    factor <ident> (38)
        on left: 27 28 29 30 31 32 33
        on right: 23 24 25 26


State 0

    0 $accept: • program $end

    INTEGER  shift, and go to state 1
    ID       shift, and go to state 2
    REAL     shift, and go to state 3
    STRING   shift, and go to state 4
    PLUS     shift, and go to state 5
    MINUS    shift, and go to state 6
    PI       shift, and go to state 7
    E        shift, and go to state 8
    LPAREN   shift, and go to state 9
    REPEAT   shift, and go to state 10

    $default  reduce using rule 8 (statement)

    program           go to state 11
    statement_list    go to state 12
    statement         go to state 13
    repeat_statement  go to state 14
    assignment        go to state 15
    expression        go to state 16
    array_access      go to state 17
    expression_list   go to state 18
    expr_arithmetic   go to state 19
    expr_unary        go to state 20
    expr_term         go to state 21
    factor            go to state 22


State 1

   28 factor: INTEGER •

    $default  reduce using rule 28 (factor)


State 2

   11 assignment: ID • ASSIGN expression
   14 array_access: ID • LBRACKET expr_arithmetic RBRACKET
   27 factor: ID •

    ASSIGN    shift, and go to state 23
    LBRACKET  shift, and go to state 24

    $default  reduce using rule 27 (factor)


State 3

   30 factor: REAL •

    $default  reduce using rule 30 (factor)


State 4

   29 factor: STRING •

    $default  reduce using rule 29 (factor)


State 5

   21 expr_unary: PLUS • expr_unary

    INTEGER  shift, and go to state 1
    ID       shift, and go to state 25
    REAL     shift, and go to state 3
    STRING   shift, and go to state 4
    PLUS     shift, and go to state 5
    MINUS    shift, and go to state 6
    PI       shift, and go to state 7
    E        shift, and go to state 8
    LPAREN   shift, and go to state 9

    expr_unary  go to state 26
    expr_term   go to state 21
    factor      go to state 22


State 6

   22 expr_unary: MINUS • expr_unary

    INTEGER  shift, and go to state 1
    ID       shift, and go to state 25
    REAL     shift, and go to state 3
    STRING   shift, and go to state 4
    PLUS     shift, and go to state 5
    MINUS    shift, and go to state 6
    PI       shift, and go to state 7
    E        shift, and go to state 8
    LPAREN   shift, and go to state 9

    expr_unary  go to state 27
    expr_term   go to state 21
    factor      go to state 22


State 7

   31 factor: PI •

    $default  reduce using rule 31 (factor)


State 8

   32 factor: E •

    $default  reduce using rule 32 (factor)


State 9

   33 factor: LPAREN • expression RPAREN

    INTEGER  shift, and go to state 1
    ID       shift, and go to state 28
    REAL     shift, and go to state 3
    STRING   shift, and go to state 4
    PLUS     shift, and go to state 5
    MINUS    shift, and go to state 6
    PI       shift, and go to state 7
    E        shift, and go to state 8
    LPAREN   shift, and go to state 9

    expression       go to state 29
    array_access     go to state 17
    expression_list  go to state 18
    expr_arithmetic  go to state 19
    expr_unary       go to state 20
    expr_term        go to state 21
    factor           go to state 22


State 10

    9 repeat_statement: REPEAT • repeat_expression DO statement_list DONE

    INTEGER  shift, and go to state 1
    ID       shift, and go to state 28
    REAL     shift, and go to state 3
    STRING   shift, and go to state 4
    PLUS     shift, and go to state 5
    MINUS    shift, and go to state 6
    PI       shift, and go to state 7
    E        shift, and go to state 8
    LPAREN   shift, and go to state 9

    repeat_expression  go to state 30
    expression         go to state 31
    array_access       go to state 17
    expression_list    go to state 18
    expr_arithmetic    go to state 19
    expr_unary         go to state 20
    expr_term          go to state 21
    factor             go to state 22


State 11

    0 $accept: program • $end

    $end  shift, and go to state 32


State 12

    1 program: statement_list •

    $default  reduce using rule 1 (program)


State 13

    2 statement_list: statement • ENDLINE statement_list
    3               | statement •
    6 statement: statement • COMMENT

    ENDLINE  shift, and go to state 33
    COMMENT  shift, and go to state 34

    $default  reduce using rule 3 (statement_list)


State 14

    7 statement: repeat_statement •

    $default  reduce using rule 7 (statement)


State 15

    4 statement: assignment •

    $default  reduce using rule 4 (statement)


State 16

    5 statement: expression •

    $default  reduce using rule 5 (statement)


State 17

   13 expression: array_access •

    $default  reduce using rule 13 (expression)


State 18

   12 expression: expression_list •
   15 expression_list: expression_list • COMMA expr_arithmetic

    COMMA  shift, and go to state 35

    $default  reduce using rule 12 (expression)


State 19

   16 expression_list: expr_arithmetic •
   18 expr_arithmetic: expr_arithmetic • PLUS expr_unary
   19                | expr_arithmetic • MINUS expr_unary

    PLUS   shift, and go to state 36
    MINUS  shift, and go to state 37

    $default  reduce using rule 16 (expression_list)


State 20

   17 expr_arithmetic: expr_unary •

    $default  reduce using rule 17 (expr_arithmetic)


State 21

   20 expr_unary: expr_term •
   24 expr_term: expr_term • MULT factor
   25          | expr_term • DIV factor
   26          | expr_term • MOD factor

    MULT  shift, and go to state 38
    DIV   shift, and go to state 39
    MOD   shift, and go to state 40

    $default  reduce using rule 20 (expr_unary)


State 22

   23 expr_term: factor •

    $default  reduce using rule 23 (expr_term)


State 23

   11 assignment: ID ASSIGN • expression

    INTEGER  shift, and go to state 1
    ID       shift, and go to state 28
    REAL     shift, and go to state 3
    STRING   shift, and go to state 4
    PLUS     shift, and go to state 5
    MINUS    shift, and go to state 6
    PI       shift, and go to state 7
    E        shift, and go to state 8
    LPAREN   shift, and go to state 9

    expression       go to state 41
    array_access     go to state 17
    expression_list  go to state 18
    expr_arithmetic  go to state 19
    expr_unary       go to state 20
    expr_term        go to state 21
    factor           go to state 22


State 24

   14 array_access: ID LBRACKET • expr_arithmetic RBRACKET

    INTEGER  shift, and go to state 1
    ID       shift, and go to state 25
    REAL     shift, and go to state 3
    STRING   shift, and go to state 4
    PLUS     shift, and go to state 5
    MINUS    shift, and go to state 6
    PI       shift, and go to state 7
    E        shift, and go to state 8
    LPAREN   shift, and go to state 9

    expr_arithmetic  go to state 42
    expr_unary       go to state 20
    expr_term        go to state 21
    factor           go to state 22


State 25

   27 factor: ID •

    $default  reduce using rule 27 (factor)


State 26

   21 expr_unary: PLUS expr_unary •

    $default  reduce using rule 21 (expr_unary)


State 27

   22 expr_unary: MINUS expr_unary •

    $default  reduce using rule 22 (expr_unary)


State 28

   14 array_access: ID • LBRACKET expr_arithmetic RBRACKET
   27 factor: ID •

    LBRACKET  shift, and go to state 24

    $default  reduce using rule 27 (factor)


State 29

   33 factor: LPAREN expression • RPAREN

    RPAREN  shift, and go to state 43


State 30

    9 repeat_statement: REPEAT repeat_expression • DO statement_list DONE

    DO  shift, and go to state 44


State 31

   10 repeat_expression: expression •

    $default  reduce using rule 10 (repeat_expression)


State 32

    0 $accept: program $end •

    $default  accept


State 33

    2 statement_list: statement ENDLINE • statement_list

    INTEGER  shift, and go to state 1
    ID       shift, and go to state 2
    REAL     shift, and go to state 3
    STRING   shift, and go to state 4
    PLUS     shift, and go to state 5
    MINUS    shift, and go to state 6
    PI       shift, and go to state 7
    E        shift, and go to state 8
    LPAREN   shift, and go to state 9
    REPEAT   shift, and go to state 10

    $default  reduce using rule 8 (statement)

    statement_list    go to state 45
    statement         go to state 13
    repeat_statement  go to state 14
    assignment        go to state 15
    expression        go to state 16
    array_access      go to state 17
    expression_list   go to state 18
    expr_arithmetic   go to state 19
    expr_unary        go to state 20
    expr_term         go to state 21
    factor            go to state 22


State 34

    6 statement: statement COMMENT •

    $default  reduce using rule 6 (statement)


State 35

   15 expression_list: expression_list COMMA • expr_arithmetic

    INTEGER  shift, and go to state 1
    ID       shift, and go to state 25
    REAL     shift, and go to state 3
    STRING   shift, and go to state 4
    PLUS     shift, and go to state 5
    MINUS    shift, and go to state 6
    PI       shift, and go to state 7
    E        shift, and go to state 8
    LPAREN   shift, and go to state 9

    expr_arithmetic  go to state 46
    expr_unary       go to state 20
    expr_term        go to state 21
    factor           go to state 22


State 36

   18 expr_arithmetic: expr_arithmetic PLUS • expr_unary

    INTEGER  shift, and go to state 1
    ID       shift, and go to state 25
    REAL     shift, and go to state 3
    STRING   shift, and go to state 4
    PLUS     shift, and go to state 5
    MINUS    shift, and go to state 6
    PI       shift, and go to state 7
    E        shift, and go to state 8
    LPAREN   shift, and go to state 9

    expr_unary  go to state 47
    expr_term   go to state 21
    factor      go to state 22


State 37

   19 expr_arithmetic: expr_arithmetic MINUS • expr_unary

    INTEGER  shift, and go to state 1
    ID       shift, and go to state 25
    REAL     shift, and go to state 3
    STRING   shift, and go to state 4
    PLUS     shift, and go to state 5
    MINUS    shift, and go to state 6
    PI       shift, and go to state 7
    E        shift, and go to state 8
    LPAREN   shift, and go to state 9

    expr_unary  go to state 48
    expr_term   go to state 21
    factor      go to state 22


State 38

   24 expr_term: expr_term MULT • factor

    INTEGER  shift, and go to state 1
    ID       shift, and go to state 25
    REAL     shift, and go to state 3
    STRING   shift, and go to state 4
    PI       shift, and go to state 7
    E        shift, and go to state 8
    LPAREN   shift, and go to state 9

    factor  go to state 49


State 39

   25 expr_term: expr_term DIV • factor

    INTEGER  shift, and go to state 1
    ID       shift, and go to state 25
    REAL     shift, and go to state 3
    STRING   shift, and go to state 4
    PI       shift, and go to state 7
    E        shift, and go to state 8
    LPAREN   shift, and go to state 9

    factor  go to state 50


State 40

   26 expr_term: expr_term MOD • factor

    INTEGER  shift, and go to state 1
    ID       shift, and go to state 25
    REAL     shift, and go to state 3
    STRING   shift, and go to state 4
    PI       shift, and go to state 7
    E        shift, and go to state 8
    LPAREN   shift, and go to state 9

    factor  go to state 51


State 41

   11 assignment: ID ASSIGN expression •

    $default  reduce using rule 11 (assignment)


State 42

   14 array_access: ID LBRACKET expr_arithmetic • RBRACKET
   18 expr_arithmetic: expr_arithmetic • PLUS expr_unary
   19                | expr_arithmetic • MINUS expr_unary

    PLUS      shift, and go to state 36
    MINUS     shift, and go to state 37
    RBRACKET  shift, and go to state 52


State 43

   33 factor: LPAREN expression RPAREN •

    $default  reduce using rule 33 (factor)


State 44

    9 repeat_statement: REPEAT repeat_expression DO • statement_list DONE

    INTEGER  shift, and go to state 1
    ID       shift, and go to state 2
    REAL     shift, and go to state 3
    STRING   shift, and go to state 4
    PLUS     shift, and go to state 5
    MINUS    shift, and go to state 6
    PI       shift, and go to state 7
    E        shift, and go to state 8
    LPAREN   shift, and go to state 9
    REPEAT   shift, and go to state 10

    $default  reduce using rule 8 (statement)

    statement_list    go to state 53
    statement         go to state 13
    repeat_statement  go to state 14
    assignment        go to state 15
    expression        go to state 16
    array_access      go to state 17
    expression_list   go to state 18
    expr_arithmetic   go to state 19
    expr_unary        go to state 20
    expr_term         go to state 21
    factor            go to state 22


State 45

    2 statement_list: statement ENDLINE statement_list •

    $default  reduce using rule 2 (statement_list)


State 46

   15 expression_list: expression_list COMMA expr_arithmetic •
   18 expr_arithmetic: expr_arithmetic • PLUS expr_unary
   19                | expr_arithmetic • MINUS expr_unary

    PLUS   shift, and go to state 36
    MINUS  shift, and go to state 37

    $default  reduce using rule 15 (expression_list)


State 47

   18 expr_arithmetic: expr_arithmetic PLUS expr_unary •

    $default  reduce using rule 18 (expr_arithmetic)


State 48

   19 expr_arithmetic: expr_arithmetic MINUS expr_unary •

    $default  reduce using rule 19 (expr_arithmetic)


State 49

   24 expr_term: expr_term MULT factor •

    $default  reduce using rule 24 (expr_term)


State 50

   25 expr_term: expr_term DIV factor •

    $default  reduce using rule 25 (expr_term)


State 51

   26 expr_term: expr_term MOD factor •

    $default  reduce using rule 26 (expr_term)


State 52

   14 array_access: ID LBRACKET expr_arithmetic RBRACKET •

    $default  reduce using rule 14 (array_access)


State 53

    9 repeat_statement: REPEAT repeat_expression DO statement_list • DONE

    DONE  shift, and go to state 54


State 54

    9 repeat_statement: REPEAT repeat_expression DO statement_list DONE •

    $default  reduce using rule 9 (repeat_statement)
